0 verbose cli /Users/himanshu/.nvm/versions/node/v24.14.0/bin/node /Users/himanshu/.nvm/versions/node/v24.14.0/bin/npm
1 info using npm@11.9.0
2 info using node@v24.14.0
3 silly config load:file:/Users/himanshu/.nvm/versions/node/v24.14.0/lib/node_modules/npm/npmrc
4 silly config load:file:/Users/himanshu/Downloads/fromWindows/zenagos/zenagos/.npmrc
5 silly config load:file:/Users/himanshu/.npmrc
6 silly config load:file:/Users/himanshu/.nvm/versions/node/v24.14.0/etc/npmrc
7 verbose title npm rebuild bcrypt
8 verbose argv "rebuild" "bcrypt"
9 verbose logfile logs-max:10 dir:/Users/himanshu/Downloads/fromWindows/zenagos/zenagos/.npm-cache/_logs/2026-03-15T19_14_09_926Z-
10 verbose logfile /Users/himanshu/Downloads/fromWindows/zenagos/zenagos/.npm-cache/_logs/2026-03-15T19_14_09_926Z-debug-0.log
11 silly logfile done cleaning log files
12 silly packumentCache heap:4496293888 maxSize:1124073472 maxEntrySize:562036736
13 http fetch GET https://registry.npmjs.org/npm attempt 1 failed with ENOTFOUND
14 info run bcrypt@6.0.0 install node_modules/bcrypt node-gyp-build
15 info run bcrypt@6.0.0 install { code: 0, signal: null }
16 verbose cwd /Users/himanshu/Downloads/fromWindows/zenagos/zenagos
17 verbose os Darwin 25.3.0
18 verbose node v24.14.0
19 verbose npm  v11.9.0
20 verbose exit 0
21 info ok
